<?xml version="1.0" encoding="UTF-8"?>
<testng-results ignored="0" total="3" passed="2" failed="1" skipped="0">
  <reporter-output>
  </reporter-output>
  <suite started-at="2024-03-08T17:59:36 IST" name="Default suite" finished-at="2024-03-08T18:00:41 IST" duration-ms="64839">
    <groups>
      <group name="Purchase">
        <method signature="submitOrderTest.submitOrder(java.lang.String,java.lang.String,java.lang.String)[pri:0, instance:RahulSheetyAcademy.MavenProjectUdemy.submitOrderTest@76a4ebf2]" name="submitOrder" class="RahulSheetyAcademy.MavenProjectUdemy.submitOrderTest"/>
      </group> <!-- Purchase -->
    </groups>
    <test started-at="2024-03-08T17:59:36 IST" name="Default test" finished-at="2024-03-08T18:00:41 IST" duration-ms="64839">
      <class name="RahulSheetyAcademy.MavenProjectUdemy.submitOrderTest">
        <test-method is-config="true" signature="launchApplication()[pri:0, instance:RahulSheetyAcademy.MavenProjectUdemy.submitOrderTest@76a4ebf2]" started-at="2024-03-08T17:59:36 IST" name="launchApplication" finished-at="2024-03-08T17:59:48 IST" duration-ms="11730" status="PASS">
          <reporter-output>
          </reporter-output>
        </test-method> <!-- launchApplication -->
        <test-method signature="submitOrder(java.lang.String,java.lang.String,java.lang.String)[pri:0, instance:RahulSheetyAcademy.MavenProjectUdemy.submitOrderTest@76a4ebf2]" started-at="2024-03-08T17:59:48 IST" name="submitOrder" data-provider="getData" finished-at="2024-03-08T18:00:04 IST" duration-ms="15969" status="PASS">
          <params>
            <param index="0">
              <value>
                <![CDATA[mahendra@gmail.com]]>
              </value>
            </param>
            <param index="1">
              <value>
                <![CDATA[Mahendra@123]]>
              </value>
            </param>
            <param index="2">
              <value>
                <![CDATA[ZARA COAT 3]]>
              </value>
            </param>
          </params>
          <reporter-output>
          </reporter-output>
        </test-method> <!-- submitOrder -->
        <test-method is-config="true" signature="tearDown()[pri:0, instance:RahulSheetyAcademy.MavenProjectUdemy.submitOrderTest@76a4ebf2]" started-at="2024-03-08T18:00:04 IST" name="tearDown" finished-at="2024-03-08T18:00:04 IST" duration-ms="234" status="PASS">
          <reporter-output>
          </reporter-output>
        </test-method> <!-- tearDown -->
        <test-method is-config="true" signature="launchApplication()[pri:0, instance:RahulSheetyAcademy.MavenProjectUdemy.submitOrderTest@76a4ebf2]" started-at="2024-03-08T18:00:04 IST" name="launchApplication" finished-at="2024-03-08T18:00:13 IST" duration-ms="8972" status="PASS">
          <reporter-output>
          </reporter-output>
        </test-method> <!-- launchApplication -->
        <test-method signature="submitOrder(java.lang.String,java.lang.String,java.lang.String)[pri:0, instance:RahulSheetyAcademy.MavenProjectUdemy.submitOrderTest@76a4ebf2]" started-at="2024-03-08T18:00:13 IST" name="submitOrder" data-provider="getData" finished-at="2024-03-08T18:00:29 IST" duration-ms="15723" status="PASS">
          <params>
            <param index="0">
              <value>
                <![CDATA[mahendra@gmail.com]]>
              </value>
            </param>
            <param index="1">
              <value>
                <![CDATA[Mahendra@123]]>
              </value>
            </param>
            <param index="2">
              <value>
                <![CDATA[ADIDAS ORIGINAL]]>
              </value>
            </param>
          </params>
          <reporter-output>
          </reporter-output>
        </test-method> <!-- submitOrder -->
        <test-method is-config="true" signature="tearDown()[pri:0, instance:RahulSheetyAcademy.MavenProjectUdemy.submitOrderTest@76a4ebf2]" started-at="2024-03-08T18:00:29 IST" name="tearDown" finished-at="2024-03-08T18:00:29 IST" duration-ms="228" status="PASS">
          <reporter-output>
          </reporter-output>
        </test-method> <!-- tearDown -->
        <test-method is-config="true" signature="launchApplication()[pri:0, instance:RahulSheetyAcademy.MavenProjectUdemy.submitOrderTest@76a4ebf2]" started-at="2024-03-08T18:00:29 IST" name="launchApplication" finished-at="2024-03-08T18:00:39 IST" duration-ms="10597" status="PASS">
          <reporter-output>
          </reporter-output>
        </test-method> <!-- launchApplication -->
        <test-method signature="orderHIstory()[pri:0, instance:RahulSheetyAcademy.MavenProjectUdemy.submitOrderTest@76a4ebf2]" started-at="2024-03-08T18:00:39 IST" name="orderHIstory" finished-at="2024-03-08T18:00:41 IST" depends-on-methods="RahulSheetyAcademy.MavenProjectUdemy.submitOrderTest.submitOrder" duration-ms="1120" status="FAIL">
          <exception class="java.lang.AssertionError">
            <message>
              <![CDATA[expected [true] but found [false]]]>
            </message>
            <full-stacktrace>
              <![CDATA[java.lang.AssertionError: expected [true] but found [false]
at org.testng.Assert.fail(Assert.java:111)
at org.testng.Assert.failNotEquals(Assert.java:1578)
at org.testng.Assert.assertTrue(Assert.java:57)
at org.testng.Assert.assertTrue(Assert.java:67)
at RahulSheetyAcademy.MavenProjectUdemy.submitOrderTest.orderHIstory(submitOrderTest.java:55)
at java.base/jdk.internal.reflect.NativeMethodAccessorImpl.invoke0(Native Method)
at java.base/jdk.internal.reflect.NativeMethodAccessorImpl.invoke(NativeMethodAccessorImpl.java:77)
at java.base/jdk.internal.reflect.DelegatingMethodAccessorImpl.invoke(DelegatingMethodAccessorImpl.java:43)
at java.base/java.lang.reflect.Method.invoke(Method.java:568)
at org.testng.internal.invokers.MethodInvocationHelper.invokeMethod(MethodInvocationHelper.java:139)
at org.testng.internal.invokers.TestInvoker.invokeMethod(TestInvoker.java:664)
at org.testng.internal.invokers.TestInvoker.invokeTestMethod(TestInvoker.java:227)
at org.testng.internal.invokers.MethodRunner.runInSequence(MethodRunner.java:50)
at org.testng.internal.invokers.TestInvoker$MethodInvocationAgent.invoke(TestInvoker.java:957)
at org.testng.internal.invokers.TestInvoker.invokeTestMethods(TestInvoker.java:200)
at org.testng.internal.invokers.TestMethodWorker.invokeTestMethods(TestMethodWorker.java:148)
at org.testng.internal.invokers.TestMethodWorker.run(TestMethodWorker.java:128)
at java.base/java.util.ArrayList.forEach(ArrayList.java:1511)
at org.testng.TestRunner.privateRun(TestRunner.java:848)
at org.testng.TestRunner.run(TestRunner.java:621)
at org.testng.SuiteRunner.runTest(SuiteRunner.java:443)
at org.testng.SuiteRunner.runSequentially(SuiteRunner.java:437)
at org.testng.SuiteRunner.privateRun(SuiteRunner.java:397)
at org.testng.SuiteRunner.run(SuiteRunner.java:336)
at org.testng.SuiteRunnerWorker.runSuite(SuiteRunnerWorker.java:52)
at org.testng.SuiteRunnerWorker.run(SuiteRunnerWorker.java:95)
at org.testng.TestNG.runSuitesSequentially(TestNG.java:1280)
at org.testng.TestNG.runSuitesLocally(TestNG.java:1200)
at org.testng.TestNG.runSuites(TestNG.java:1114)
at org.testng.TestNG.run(TestNG.java:1082)
at org.testng.remote.AbstractRemoteTestNG.run(AbstractRemoteTestNG.java:115)
at org.testng.remote.RemoteTestNG.initAndRun(RemoteTestNG.java:251)
at org.testng.remote.RemoteTestNG.main(RemoteTestNG.java:77)
]]>
            </full-stacktrace>
          </exception> <!-- java.lang.AssertionError -->
          <reporter-output>
          </reporter-output>
        </test-method> <!-- orderHIstory -->
        <test-method is-config="true" signature="tearDown()[pri:0, instance:RahulSheetyAcademy.MavenProjectUdemy.submitOrderTest@76a4ebf2]" started-at="2024-03-08T18:00:41 IST" name="tearDown" finished-at="2024-03-08T18:00:41 IST" duration-ms="147" status="PASS">
          <reporter-output>
          </reporter-output>
        </test-method> <!-- tearDown -->
      </class> <!-- RahulSheetyAcademy.MavenProjectUdemy.submitOrderTest -->
    </test> <!-- Default test -->
  </suite> <!-- Default suite -->
</testng-results>
